<?xml version="1.0" encoding="UTF-8"?>
<!-- Generated by org.testng.reporters.JUnitXMLReporter -->
<testsuite ignored="0" hostname="DESKTOP-KSI83VH" failures="1" tests="1" name="Default test" time="73.959" errors="0" timestamp="2022-06-22T12:25:34 IDT">
  <testcase classname="crudTest.ProductTest" name="updateProduct" time="47.786">
    <failure type="org.openqa.selenium.ElementClickInterceptedException" message="element click intercepted: Element &amp;lt;button type=&amp;quot;button&amp;quot; name=&amp;quot;ctl00$ContentPlaceholder1$RadGrid1$ctl00$ctl16$EditButton&amp;quot; value=&amp;quot;Edit&amp;quot; onclick=&amp;quot;javascript:__doPostBack(&amp;apos;ctl00$ContentPlaceholder1$RadGrid1$ctl00$ctl16$EditButton&amp;apos;,&amp;apos;&amp;apos;)&amp;quot; id=&amp;quot;ctl00_ContentPlaceholder1_RadGrid1_ctl00_ctl16_EditButton&amp;quot; title=&amp;quot;Edit&amp;quot; class=&amp;quot;t-button rgActionButton rgEdit&amp;quot;&amp;gt;...&amp;lt;/button&amp;gt; is not clickable at point (349, 693). Other element would receive the click: &amp;lt;div id=&amp;quot;onetrust-banner-sdk&amp;quot; class=&amp;quot;otFlat bottom vertical-align-content&amp;quot; role=&amp;quot;dialog&amp;quot; aria-labelledby=&amp;quot;onetrust-policy-title&amp;quot; aria-describedby=&amp;quot;onetrust-policy-text&amp;quot; tabindex=&amp;quot;0&amp;quot; style=&amp;quot;bottom: 0px&amp;quot;&amp;gt;...&amp;lt;/div&amp;gt;
  (Session info: chrome=102.0.5005.63)
Build info: version: &amp;apos;4.2.1&amp;apos;, revision: &amp;apos;ac4d0fdd4a&amp;apos;
System info: host: &amp;apos;DESKTOP-KSI83VH&amp;apos;, ip: &amp;apos;10.0.0.145&amp;apos;, os.name: &amp;apos;Windows 10&amp;apos;, os.arch: &amp;apos;amd64&amp;apos;, os.version: &amp;apos;10.0&amp;apos;, java.version: &amp;apos;18.0.1.1&amp;apos;
Driver info: org.openqa.selenium.chrome.ChromeDriver
Command: [225a0ee8158cabbd189732e404c2a8c0, clickElement {id=d3bdfff9-c84d-45b2-ba80-32d70d88ce49}]
Capabilities {acceptInsecureCerts: false, browserName: chrome, browserVersion: 102.0.5005.63, chrome: {chromedriverVersion: 102.0.5005.61 (0e59bcc00cc4..., userDataDir: C:\Users\shapira\AppData\Lo...}, goog:chromeOptions: {debuggerAddress: localhost:63436}, networkConnectionEnabled: false, pageLoadStrategy: normal, platformName: WINDOWS, proxy: Proxy(), se:cdp: ws://localhost:63436/devtoo..., se:cdpVersion: 102.0.5005.63, setWindowRect: true, strictFileInteractability: false, timeouts: {implicit: 0, pageLoad: 300000, script: 30000}, unhandledPromptBehavior: dismiss and notify, webauthn:extension:credBlob: true, webauthn:extension:largeBlob: true, webauthn:virtualAuthenticators: true}
Element: [[ChromeDriver: chrome on WINDOWS (225a0ee8158cabbd189732e404c2a8c0)] -&amp;gt; xpath: //td[text()=&amp;apos;17&amp;apos;]/../td[1]/button]
Session ID: 225a0ee8158cabbd189732e404c2a8c0">
      <![CDATA[org.openqa.selenium.ElementClickInterceptedException: element click intercepted: Element <button type="button" name="ctl00$ContentPlaceholder1$RadGrid1$ctl00$ctl16$EditButton" value="Edit" onclick="javascript:__doPostBack('ctl00$ContentPlaceholder1$RadGrid1$ctl00$ctl16$EditButton','')" id="ctl00_ContentPlaceholder1_RadGrid1_ctl00_ctl16_EditButton" title="Edit" class="t-button rgActionButton rgEdit">...</button> is not clickable at point (349, 693). Other element would receive the click: <div id="onetrust-banner-sdk" class="otFlat bottom vertical-align-content" role="dialog" aria-labelledby="onetrust-policy-title" aria-describedby="onetrust-policy-text" tabindex="0" style="bottom: 0px">...</div>
  (Session info: chrome=102.0.5005.63)
Build info: version: '4.2.1', revision: 'ac4d0fdd4a'
System info: host: 'DESKTOP-KSI83VH', ip: '10.0.0.145', os.name: 'Windows 10', os.arch: 'amd64', os.version: '10.0', java.version: '18.0.1.1'
Driver info: org.openqa.selenium.chrome.ChromeDriver
Command: [225a0ee8158cabbd189732e404c2a8c0, clickElement {id=d3bdfff9-c84d-45b2-ba80-32d70d88ce49}]
Capabilities {acceptInsecureCerts: false, browserName: chrome, browserVersion: 102.0.5005.63, chrome: {chromedriverVersion: 102.0.5005.61 (0e59bcc00cc4..., userDataDir: C:\Users\shapira\AppData\Lo...}, goog:chromeOptions: {debuggerAddress: localhost:63436}, networkConnectionEnabled: false, pageLoadStrategy: normal, platformName: WINDOWS, proxy: Proxy(), se:cdp: ws://localhost:63436/devtoo..., se:cdpVersion: 102.0.5005.63, setWindowRect: true, strictFileInteractability: false, timeouts: {implicit: 0, pageLoad: 300000, script: 30000}, unhandledPromptBehavior: dismiss and notify, webauthn:extension:credBlob: true, webauthn:extension:largeBlob: true, webauthn:virtualAuthenticators: true}
Element: [[ChromeDriver: chrome on WINDOWS (225a0ee8158cabbd189732e404c2a8c0)] -> xpath: //td[text()='17']/../td[1]/button]
Session ID: 225a0ee8158cabbd189732e404c2a8c0
at java.base/jdk.internal.reflect.DirectConstructorHandleAccessor.newInstance(DirectConstructorHandleAccessor.java:67)
at java.base/java.lang.reflect.Constructor.newInstanceWithCaller(Constructor.java:499)
at java.base/java.lang.reflect.Constructor.newInstance(Constructor.java:483)
at org.openqa.selenium.remote.codec.w3c.W3CHttpResponseCodec.createException(W3CHttpResponseCodec.java:200)
at org.openqa.selenium.remote.codec.w3c.W3CHttpResponseCodec.decode(W3CHttpResponseCodec.java:133)
at org.openqa.selenium.remote.codec.w3c.W3CHttpResponseCodec.decode(W3CHttpResponseCodec.java:53)
at org.openqa.selenium.remote.HttpCommandExecutor.execute(HttpCommandExecutor.java:184)
at org.openqa.selenium.remote.service.DriverCommandExecutor.invokeExecute(DriverCommandExecutor.java:167)
at org.openqa.selenium.remote.service.DriverCommandExecutor.execute(DriverCommandExecutor.java:142)
at org.openqa.selenium.remote.RemoteWebDriver.execute(RemoteWebDriver.java:551)
at org.openqa.selenium.remote.RemoteWebElement.execute(RemoteWebElement.java:257)
at org.openqa.selenium.remote.RemoteWebElement.click(RemoteWebElement.java:78)
at crud.ProductsPage.updateProduct(ProductsPage.java:234)
at crudTest.ProductTest.updateProduct(ProductTest.java:43)
at java.base/jdk.internal.reflect.DirectMethodHandleAccessor.invoke(DirectMethodHandleAccessor.java:104)
at java.base/java.lang.reflect.Method.invoke(Method.java:577)
at org.testng.internal.invokers.MethodInvocationHelper.invokeMethod(MethodInvocationHelper.java:139)
at org.testng.internal.invokers.TestInvoker.invokeMethod(TestInvoker.java:677)
at org.testng.internal.invokers.TestInvoker.invokeTestMethod(TestInvoker.java:221)
at org.testng.internal.invokers.MethodRunner.runInSequence(MethodRunner.java:50)
at org.testng.internal.invokers.TestInvoker$MethodInvocationAgent.invoke(TestInvoker.java:962)
at org.testng.internal.invokers.TestInvoker.invokeTestMethods(TestInvoker.java:194)
at org.testng.internal.invokers.TestMethodWorker.invokeTestMethods(TestMethodWorker.java:148)
at org.testng.internal.invokers.TestMethodWorker.run(TestMethodWorker.java:128)
at java.base/java.util.ArrayList.forEach(ArrayList.java:1511)
at org.testng.TestRunner.privateRun(TestRunner.java:806)
at org.testng.TestRunner.run(TestRunner.java:601)
at org.testng.SuiteRunner.runTest(SuiteRunner.java:433)
at org.testng.SuiteRunner.runSequentially(SuiteRunner.java:427)
at org.testng.SuiteRunner.privateRun(SuiteRunner.java:387)
at org.testng.SuiteRunner.run(SuiteRunner.java:330)
at org.testng.SuiteRunnerWorker.runSuite(SuiteRunnerWorker.java:52)
at org.testng.SuiteRunnerWorker.run(SuiteRunnerWorker.java:95)
at org.testng.TestNG.runSuitesSequentially(TestNG.java:1256)
at org.testng.TestNG.runSuitesLocally(TestNG.java:1176)
at org.testng.TestNG.runSuites(TestNG.java:1099)
at org.testng.TestNG.run(TestNG.java:1067)
at org.testng.remote.AbstractRemoteTestNG.run(AbstractRemoteTestNG.java:115)
at org.testng.remote.RemoteTestNG.initAndRun(RemoteTestNG.java:251)
at org.testng.remote.RemoteTestNG.main(RemoteTestNG.java:77)
]]>
    </failure>
  </testcase> <!-- updateProduct -->
</testsuite> <!-- Default test -->
